[0;36m(APIServer pid=20230)[0;0m INFO 02-23 12:35:37 [utils.py:325] 
[0;36m(APIServer pid=20230)[0;0m INFO 02-23 12:35:37 [utils.py:325]        â–ˆ     â–ˆ     â–ˆâ–„   â–„â–ˆ
[0;36m(APIServer pid=20230)[0;0m INFO 02-23 12:35:37 [utils.py:325]  â–„â–„ â–„â–ˆ â–ˆ     â–ˆ     â–ˆ â–€â–„â–€ â–ˆ  version 0.15.1
[0;36m(APIServer pid=20230)[0;0m INFO 02-23 12:35:37 [utils.py:325]   â–ˆâ–„â–ˆâ–€ â–ˆ     â–ˆ     â–ˆ     â–ˆ  model   nvidia/Cosmos-Reason2-2B
[0;36m(APIServer pid=20230)[0;0m INFO 02-23 12:35:37 [utils.py:325]    â–€â–€  â–€â–€â–€â–€â–€ â–€â–€â–€â–€â–€ â–€     â–€
[0;36m(APIServer pid=20230)[0;0m INFO 02-23 12:35:37 [utils.py:325] 
[0;36m(APIServer pid=20230)[0;0m INFO 02-23 12:35:37 [utils.py:261] non-default args: {'model_tag': 'nvidia/Cosmos-Reason2-2B', 'api_server_count': 1, 'host': '0.0.0.0', 'model': 'nvidia/Cosmos-Reason2-2B', 'trust_remote_code': True, 'dtype': 'bfloat16', 'allowed_local_media_path': '/teamspace/studios/this_studio', 'max_model_len': 16384, 'reasoning_parser': 'qwen3', 'gpu_memory_utilization': 0.75, 'media_io_kwargs': {'video': {'num_frames': -1}}}
[0;36m(APIServer pid=20230)[0;0m The argument `trust_remote_code` is to be used with Auto classes. It has no effect here and is ignored.
[0;36m(APIServer pid=20230)[0;0m The argument `trust_remote_code` is to be used with Auto classes. It has no effect here and is ignored.
[0;36m(APIServer pid=20230)[0;0m ERROR 02-23 12:35:37 [registry.py:781] Error in inspecting model architecture 'Qwen3VLForConditionalGeneration'
[0;36m(APIServer pid=20230)[0;0m ERROR 02-23 12:35:37 [registry.py:781] Traceback (most recent call last):
[0;36m(APIServer pid=20230)[0;0m ERROR 02-23 12:35:37 [registry.py:781]   File "/system/conda/miniconda3/uv/venvs/9f156bf708183a28385616d2be544031/.venv/lib/python3.13/site-packages/vllm/model_executor/models/registry.py", line 1205, in _run_in_subprocess
[0;36m(APIServer pid=20230)[0;0m ERROR 02-23 12:35:37 [registry.py:781]     returned.check_returncode()
[0;36m(APIServer pid=20230)[0;0m ERROR 02-23 12:35:37 [registry.py:781]     ~~~~~~~~~~~~~~~~~~~~~~~~~^^
[0;36m(APIServer pid=20230)[0;0m ERROR 02-23 12:35:37 [registry.py:781]   File "/system/conda/miniconda3/uv/python/cpython-3.13.7-linux-x86_64-gnu/lib/python3.13/subprocess.py", line 508, in check_returncode
[0;36m(APIServer pid=20230)[0;0m ERROR 02-23 12:35:37 [registry.py:781]     raise CalledProcessError(self.returncode, self.args, self.stdout,
[0;36m(APIServer pid=20230)[0;0m ERROR 02-23 12:35:37 [registry.py:781]                              self.stderr)
[0;36m(APIServer pid=20230)[0;0m ERROR 02-23 12:35:37 [registry.py:781] subprocess.CalledProcessError: Command '['/system/conda/miniconda3/uv/venvs/9f156bf708183a28385616d2be544031/.venv/bin/python', '-m', 'vllm.model_executor.models.registry']' returned non-zero exit status 1.
[0;36m(APIServer pid=20230)[0;0m ERROR 02-23 12:35:37 [registry.py:781] 
[0;36m(APIServer pid=20230)[0;0m ERROR 02-23 12:35:37 [registry.py:781] The above exception was the direct cause of the following exception:
[0;36m(APIServer pid=20230)[0;0m ERROR 02-23 12:35:37 [registry.py:781] 
[0;36m(APIServer pid=20230)[0;0m ERROR 02-23 12:35:37 [registry.py:781] Traceback (most recent call last):
[0;36m(APIServer pid=20230)[0;0m ERROR 02-23 12:35:37 [registry.py:781]   File "/system/conda/miniconda3/uv/venvs/9f156bf708183a28385616d2be544031/.venv/lib/python3.13/site-packages/vllm/model_executor/models/registry.py", line 779, in _try_inspect_model_cls
[0;36m(APIServer pid=20230)[0;0m ERROR 02-23 12:35:37 [registry.py:781]     return model.inspect_model_cls()
[0;36m(APIServer pid=20230)[0;0m ERROR 02-23 12:35:37 [registry.py:781]            ~~~~~~~~~~~~~~~~~~~~~~~^^
[0;36m(APIServer pid=20230)[0;0m ERROR 02-23 12:35:37 [registry.py:781]   File "/system/conda/miniconda3/uv/venvs/9f156bf708183a28385616d2be544031/.venv/lib/python3.13/site-packages/vllm/logging_utils/log_time.py", line 21, in _wrapper
[0;36m(APIServer pid=20230)[0;0m ERROR 02-23 12:35:37 [registry.py:781]     result = func(*args, **kwargs)
[0;36m(APIServer pid=20230)[0;0m ERROR 02-23 12:35:37 [registry.py:781]   File "/system/conda/miniconda3/uv/venvs/9f156bf708183a28385616d2be544031/.venv/lib/python3.13/site-packages/vllm/model_executor/models/registry.py", line 740, in inspect_model_cls
[0;36m(APIServer pid=20230)[0;0m ERROR 02-23 12:35:37 [registry.py:781]     mi = _run_in_subprocess(
[0;36m(APIServer pid=20230)[0;0m ERROR 02-23 12:35:37 [registry.py:781]         lambda: _ModelInfo.from_model_cls(self.load_model_cls())
[0;36m(APIServer pid=20230)[0;0m ERROR 02-23 12:35:37 [registry.py:781]     )
[0;36m(APIServer pid=20230)[0;0m ERROR 02-23 12:35:37 [registry.py:781]   File "/system/conda/miniconda3/uv/venvs/9f156bf708183a28385616d2be544031/.venv/lib/python3.13/site-packages/vllm/model_executor/models/registry.py", line 1208, in _run_in_subprocess
[0;36m(APIServer pid=20230)[0;0m ERROR 02-23 12:35:37 [registry.py:781]     raise RuntimeError(
[0;36m(APIServer pid=20230)[0;0m ERROR 02-23 12:35:37 [registry.py:781]         f"Error raised in subprocess:\n{returned.stderr.decode()}"
[0;36m(APIServer pid=20230)[0;0m ERROR 02-23 12:35:37 [registry.py:781]     ) from e
[0;36m(APIServer pid=20230)[0;0m ERROR 02-23 12:35:37 [registry.py:781] RuntimeError: Error raised in subprocess:
[0;36m(APIServer pid=20230)[0;0m ERROR 02-23 12:35:37 [registry.py:781] Could not import runpy module
[0;36m(APIServer pid=20230)[0;0m ERROR 02-23 12:35:37 [registry.py:781] Traceback (most recent call last):
[0;36m(APIServer pid=20230)[0;0m ERROR 02-23 12:35:37 [registry.py:781]   File "<frozen runpy>", line 15, in <module>
[0;36m(APIServer pid=20230)[0;0m ERROR 02-23 12:35:37 [registry.py:781]   File "<frozen importlib.util>", line 16, in <module>
[0;36m(APIServer pid=20230)[0;0m ERROR 02-23 12:35:37 [registry.py:781]   File "/teamspace/studios/this_studio/types.py", line 9, in <module>
[0;36m(APIServer pid=20230)[0;0m ERROR 02-23 12:35:37 [registry.py:781]     from dataclasses import dataclass, field
[0;36m(APIServer pid=20230)[0;0m ERROR 02-23 12:35:37 [registry.py:781]   File "/system/conda/miniconda3/uv/python/cpython-3.13.7-linux-x86_64-gnu/lib/python3.13/dataclasses.py", line 1, in <module>
[0;36m(APIServer pid=20230)[0;0m ERROR 02-23 12:35:37 [registry.py:781]     import re
[0;36m(APIServer pid=20230)[0;0m ERROR 02-23 12:35:37 [registry.py:781]   File "/system/conda/miniconda3/uv/python/cpython-3.13.7-linux-x86_64-gnu/lib/python3.13/re/__init__.py", line 125, in <module>
[0;36m(APIServer pid=20230)[0;0m ERROR 02-23 12:35:37 [registry.py:781]     import enum
[0;36m(APIServer pid=20230)[0;0m ERROR 02-23 12:35:37 [registry.py:781]   File "/system/conda/miniconda3/uv/python/cpython-3.13.7-linux-x86_64-gnu/lib/python3.13/enum.py", line 4, in <module>
[0;36m(APIServer pid=20230)[0;0m ERROR 02-23 12:35:37 [registry.py:781]     from types import MappingProxyType, DynamicClassAttribute
[0;36m(APIServer pid=20230)[0;0m ERROR 02-23 12:35:37 [registry.py:781] ImportError: cannot import name 'MappingProxyType' from 'types' (consider renaming '/teamspace/studios/this_studio/types.py' since it has the same name as the standard library module named 'types' and prevents importing that standard library module)
[0;36m(APIServer pid=20230)[0;0m ERROR 02-23 12:35:37 [registry.py:781] 
[0;36m(APIServer pid=20230)[0;0m Traceback (most recent call last):
[0;36m(APIServer pid=20230)[0;0m   File "/teamspace/studios/this_studio/.venv/bin/vllm", line 10, in <module>
[0;36m(APIServer pid=20230)[0;0m     sys.exit(main())
[0;36m(APIServer pid=20230)[0;0m              ~~~~^^
[0;36m(APIServer pid=20230)[0;0m   File "/system/conda/miniconda3/uv/venvs/9f156bf708183a28385616d2be544031/.venv/lib/python3.13/site-packages/vllm/entrypoints/cli/main.py", line 73, in main
[0;36m(APIServer pid=20230)[0;0m     args.dispatch_function(args)
[0;36m(APIServer pid=20230)[0;0m     ~~~~~~~~~~~~~~~~~~~~~~^^^^^^
[0;36m(APIServer pid=20230)[0;0m   File "/system/conda/miniconda3/uv/venvs/9f156bf708183a28385616d2be544031/.venv/lib/python3.13/site-packages/vllm/entrypoints/cli/serve.py", line 111, in cmd
[0;36m(APIServer pid=20230)[0;0m     uvloop.run(run_server(args))
[0;36m(APIServer pid=20230)[0;0m     ~~~~~~~~~~^^^^^^^^^^^^^^^^^^
[0;36m(APIServer pid=20230)[0;0m   File "/system/conda/miniconda3/uv/venvs/9f156bf708183a28385616d2be544031/.venv/lib/python3.13/site-packages/uvloop/__init__.py", line 96, in run
[0;36m(APIServer pid=20230)[0;0m     return __asyncio.run(
[0;36m(APIServer pid=20230)[0;0m            ~~~~~~~~~~~~~^
[0;36m(APIServer pid=20230)[0;0m         wrapper(),
[0;36m(APIServer pid=20230)[0;0m         ^^^^^^^^^^
[0;36m(APIServer pid=20230)[0;0m     ...<2 lines>...
[0;36m(APIServer pid=20230)[0;0m         **run_kwargs
[0;36m(APIServer pid=20230)[0;0m         ^^^^^^^^^^^^
[0;36m(APIServer pid=20230)[0;0m     )
[0;36m(APIServer pid=20230)[0;0m     ^
[0;36m(APIServer pid=20230)[0;0m   File "/system/conda/miniconda3/uv/python/cpython-3.13.7-linux-x86_64-gnu/lib/python3.13/asyncio/runners.py", line 195, in run
[0;36m(APIServer pid=20230)[0;0m     return runner.run(main)
[0;36m(APIServer pid=20230)[0;0m            ~~~~~~~~~~^^^^^^
[0;36m(APIServer pid=20230)[0;0m   File "/system/conda/miniconda3/uv/python/cpython-3.13.7-linux-x86_64-gnu/lib/python3.13/asyncio/runners.py", line 118, in run
[0;36m(APIServer pid=20230)[0;0m     return self._loop.run_until_complete(task)
[0;36m(APIServer pid=20230)[0;0m            ~~~~~~~~~~~~~~~~~~~~~~~~~~~~~^^^^^^
[0;36m(APIServer pid=20230)[0;0m   File "uvloop/loop.pyx", line 1518, in uvloop.loop.Loop.run_until_complete
[0;36m(APIServer pid=20230)[0;0m   File "/system/conda/miniconda3/uv/venvs/9f156bf708183a28385616d2be544031/.venv/lib/python3.13/site-packages/uvloop/__init__.py", line 48, in wrapper
[0;36m(APIServer pid=20230)[0;0m     return await main
[0;36m(APIServer pid=20230)[0;0m            ^^^^^^^^^^
[0;36m(APIServer pid=20230)[0;0m   File "/system/conda/miniconda3/uv/venvs/9f156bf708183a28385616d2be544031/.venv/lib/python3.13/site-packages/vllm/entrypoints/openai/api_server.py", line 919, in run_server
[0;36m(APIServer pid=20230)[0;0m     await run_server_worker(listen_address, sock, args, **uvicorn_kwargs)
[0;36m(APIServer pid=20230)[0;0m   File "/system/conda/miniconda3/uv/venvs/9f156bf708183a28385616d2be544031/.venv/lib/python3.13/site-packages/vllm/entrypoints/openai/api_server.py", line 938, in run_server_worker
[0;36m(APIServer pid=20230)[0;0m     async with build_async_engine_client(
[0;36m(APIServer pid=20230)[0;0m                ~~~~~~~~~~~~~~~~~~~~~~~~~^
[0;36m(APIServer pid=20230)[0;0m         args,
[0;36m(APIServer pid=20230)[0;0m         ^^^^^
[0;36m(APIServer pid=20230)[0;0m         client_config=client_config,
[0;36m(APIServer pid=20230)[0;0m         ^^^^^^^^^^^^^^^^^^^^^^^^^^^^
[0;36m(APIServer pid=20230)[0;0m     ) as engine_client:
[0;36m(APIServer pid=20230)[0;0m     ^
[0;36m(APIServer pid=20230)[0;0m   File "/system/conda/miniconda3/uv/python/cpython-3.13.7-linux-x86_64-gnu/lib/python3.13/contextlib.py", line 214, in __aenter__
[0;36m(APIServer pid=20230)[0;0m     return await anext(self.gen)
[0;36m(APIServer pid=20230)[0;0m            ^^^^^^^^^^^^^^^^^^^^^
[0;36m(APIServer pid=20230)[0;0m   File "/system/conda/miniconda3/uv/venvs/9f156bf708183a28385616d2be544031/.venv/lib/python3.13/site-packages/vllm/entrypoints/openai/api_server.py", line 147, in build_async_engine_client
[0;36m(APIServer pid=20230)[0;0m     async with build_async_engine_client_from_engine_args(
[0;36m(APIServer pid=20230)[0;0m                ~~~~~~~~~~~~~~~~~~~~~~~~~~~~~~~~~~~~~~~~~~^
[0;36m(APIServer pid=20230)[0;0m         engine_args,
[0;36m(APIServer pid=20230)[0;0m         ^^^^^^^^^^^^
[0;36m(APIServer pid=20230)[0;0m     ...<2 lines>...
[0;36m(APIServer pid=20230)[0;0m         client_config=client_config,
[0;36m(APIServer pid=20230)[0;0m         ^^^^^^^^^^^^^^^^^^^^^^^^^^^^
[0;36m(APIServer pid=20230)[0;0m     ) as engine:
[0;36m(APIServer pid=20230)[0;0m     ^
[0;36m(APIServer pid=20230)[0;0m   File "/system/conda/miniconda3/uv/python/cpython-3.13.7-linux-x86_64-gnu/lib/python3.13/contextlib.py", line 214, in __aenter__
[0;36m(APIServer pid=20230)[0;0m     return await anext(self.gen)
[0;36m(APIServer pid=20230)[0;0m            ^^^^^^^^^^^^^^^^^^^^^
[0;36m(APIServer pid=20230)[0;0m   File "/system/conda/miniconda3/uv/venvs/9f156bf708183a28385616d2be544031/.venv/lib/python3.13/site-packages/vllm/entrypoints/openai/api_server.py", line 173, in build_async_engine_client_from_engine_args
[0;36m(APIServer pid=20230)[0;0m     vllm_config = engine_args.create_engine_config(usage_context=usage_context)
[0;36m(APIServer pid=20230)[0;0m   File "/system/conda/miniconda3/uv/venvs/9f156bf708183a28385616d2be544031/.venv/lib/python3.13/site-packages/vllm/engine/arg_utils.py", line 1374, in create_engine_config
[0;36m(APIServer pid=20230)[0;0m     model_config = self.create_model_config()
[0;36m(APIServer pid=20230)[0;0m   File "/system/conda/miniconda3/uv/venvs/9f156bf708183a28385616d2be544031/.venv/lib/python3.13/site-packages/vllm/engine/arg_utils.py", line 1228, in create_model_config
[0;36m(APIServer pid=20230)[0;0m     return ModelConfig(
[0;36m(APIServer pid=20230)[0;0m         model=self.model,
[0;36m(APIServer pid=20230)[0;0m     ...<50 lines>...
[0;36m(APIServer pid=20230)[0;0m         io_processor_plugin=self.io_processor_plugin,
[0;36m(APIServer pid=20230)[0;0m     )
[0;36m(APIServer pid=20230)[0;0m   File "/system/conda/miniconda3/uv/venvs/9f156bf708183a28385616d2be544031/.venv/lib/python3.13/site-packages/pydantic/_internal/_dataclasses.py", line 121, in __init__
[0;36m(APIServer pid=20230)[0;0m     s.__pydantic_validator__.validate_python(ArgsKwargs(args, kwargs), self_instance=s)
[0;36m(APIServer pid=20230)[0;0m     ~~~~~~~~~~~~~~~~~~~~~~~~~~~~~~~~~~~~~~~~^^^^^^^^^^^^^^^^^^^^^^^^^^^^^^^^^^^^^^^^^^^
[0;36m(APIServer pid=20230)[0;0m pydantic_core._pydantic_core.ValidationError: 1 validation error for ModelConfig
[0;36m(APIServer pid=20230)[0;0m   Value error, Model architectures ['Qwen3VLForConditionalGeneration'] failed to be inspected. Please check the logs for more details. [type=value_error, input_value=ArgsKwargs((), {'model': ...rocessor_plugin': None}), input_type=ArgsKwargs]
[0;36m(APIServer pid=20230)[0;0m     For further information visit https://errors.pydantic.dev/2.12/v/value_error
